[   13966ms] [WARNING] The resource https://novelfull.com/web/fonts/RobotoCondensed-Regular.woff was preloaded using link preload but not used within a few seconds from the window's load event. Please make sure it has an appropriate `as` value and it is preloaded intentionally. @ https://novelfull.com/custom-made-demon-king.html:0
[   14186ms] [ERROR] Failed to load resource: the server responded with a status of 403 () @ https://wtr-lab.com/en/novel-list:0
[   14323ms] [ERROR] Blocked script execution in 'about:blank' because the document's frame is sandboxed and the 'allow-scripts' permission is not set. @ https://wtr-lab.com/cdn-cgi/challenge-platform/h/g/orchestrate/chl_page/v1?ray=9e41f7beebc1c4b0:0
[   14697ms] [ERROR] Blocked script execution in 'about:blank' because the document's frame is sandboxed and the 'allow-scripts' permission is not set. @ https://challenges.cloudflare.com/cdn-cgi/challenge-platform/h/g/turnstile/f/ov2/av0/rch/s87ka/0x4AAAAAAADnPIDROrmt1Wwj/light/fbE/new/normal?lang=auto:0
[   15015ms] [ERROR] Blocked script execution in 'about:blank' because the document's frame is sandboxed and the 'allow-scripts' permission is not set. @ https://challenges.cloudflare.com/cdn-cgi/challenge-platform/h/g/turnstile/f/ov2/av0/rch/s87ka/0x4AAAAAAADnPIDROrmt1Wwj/light/fbE/new/normal?lang=auto:0
[   15110ms] [ERROR] Blocked script execution in 'about:blank' because the document's frame is sandboxed and the 'allow-scripts' permission is not set. @ https://challenges.cloudflare.com/cdn-cgi/challenge-platform/h/g/turnstile/f/ov2/av0/rch/s87ka/0x4AAAAAAADnPIDROrmt1Wwj/light/fbE/new/normal?lang=auto:0
[   15144ms] [ERROR] Blocked script execution in 'about:blank' because the document's frame is sandboxed and the 'allow-scripts' permission is not set. @ https://challenges.cloudflare.com/cdn-cgi/challenge-platform/h/g/turnstile/f/ov2/av0/rch/s87ka/0x4AAAAAAADnPIDROrmt1Wwj/light/fbE/new/normal?lang=auto:0
[   15150ms] [ERROR] %c%d font-size:0;color:transparent NaN @ https://challenges.cloudflare.com/cdn-cgi/challenge-platform/h/g/turnstile/f/ov2/av0/rch/s87ka/0x4AAAAAAADnPIDROrmt1Wwj/light/fbE/new/normal?lang=auto:0
[   15150ms] [ERROR] %c%d font-size:0;color:transparent NaN @ https://challenges.cloudflare.com/cdn-cgi/challenge-platform/h/g/turnstile/f/ov2/av0/rch/s87ka/0x4AAAAAAADnPIDROrmt1Wwj/light/fbE/new/normal?lang=auto:0
[   15151ms] [WARNING] %c%d font-size:0;color:transparent NaN @ https://challenges.cloudflare.com/cdn-cgi/challenge-platform/h/g/turnstile/f/ov2/av0/rch/s87ka/0x4AAAAAAADnPIDROrmt1Wwj/light/fbE/new/normal?lang=auto:0
[   15151ms] [WARNING] %c%d font-size:0;color:transparent NaN @ https://challenges.cloudflare.com/cdn-cgi/challenge-platform/h/g/turnstile/f/ov2/av0/rch/s87ka/0x4AAAAAAADnPIDROrmt1Wwj/light/fbE/new/normal?lang=auto:0
[   15183ms] [ERROR] Blocked script execution in 'about:blank' because the document's frame is sandboxed and the 'allow-scripts' permission is not set. @ https://challenges.cloudflare.com/cdn-cgi/challenge-platform/h/g/turnstile/f/ov2/av0/rch/s87ka/0x4AAAAAAADnPIDROrmt1Wwj/light/fbE/new/normal?lang=auto:0
[   15335ms] [ERROR] Blocked script execution in 'about:blank' because the document's frame is sandboxed and the 'allow-scripts' permission is not set. @ https://challenges.cloudflare.com/cdn-cgi/challenge-platform/h/g/turnstile/f/ov2/av0/rch/s87ka/0x4AAAAAAADnPIDROrmt1Wwj/light/fbE/new/normal?lang=auto:0
[   15345ms] [ERROR] Blocked script execution in 'about:blank' because the document's frame is sandboxed and the 'allow-scripts' permission is not set. @ https://challenges.cloudflare.com/cdn-cgi/challenge-platform/h/g/turnstile/f/ov2/av0/rch/s87ka/0x4AAAAAAADnPIDROrmt1Wwj/light/fbE/new/normal?lang=auto:0
[   15379ms] [ERROR] Blocked script execution in 'about:blank' because the document's frame is sandboxed and the 'allow-scripts' permission is not set. @ https://challenges.cloudflare.com/cdn-cgi/challenge-platform/h/g/turnstile/f/ov2/av0/rch/s87ka/0x4AAAAAAADnPIDROrmt1Wwj/light/fbE/new/normal?lang=auto:0
[   15419ms] [ERROR]  Note that 'script-src' was not explicitly set, so 'default-src' is used as a fallback. @ https://challenges.cloudflare.com/cdn-cgi/challenge-platform/h/g/turnstile/f/ov2/av0/rch/s87ka/0x4AAAAAAADnPIDROrmt1Wwj/light/fbE/new/normal?lang=auto:0
[   15572ms] [ERROR] Blocked script execution in 'about:blank' because the document's frame is sandboxed and the 'allow-scripts' permission is not set. @ https://challenges.cloudflare.com/cdn-cgi/challenge-platform/h/g/turnstile/f/ov2/av0/rch/s87ka/0x4AAAAAAADnPIDROrmt1Wwj/light/fbE/new/normal?lang=auto:0
[   15608ms] [ERROR] Failed to load resource: the server responded with a status of 401 () @ https://challenges.cloudflare.com/cdn-cgi/challenge-platform/h/g/pat/9e41f7c148fff630/1774819743257/ac09a69863471eb3af6752b1c1d0a96ed3f94d9a93bec9d30ca3d8bedb2263f9/g4LyS6ho7RyEmBh:0
[   15649ms] [ERROR] Blocked script execution in 'about:blank' because the document's frame is sandboxed and the 'allow-scripts' permission is not set. @ https://challenges.cloudflare.com/cdn-cgi/challenge-platform/h/g/turnstile/f/ov2/av0/rch/s87ka/0x4AAAAAAADnPIDROrmt1Wwj/light/fbE/new/normal?lang=auto:0
[   18787ms] [ERROR] Blocked script execution in 'about:blank' because the document's frame is sandboxed and the 'allow-scripts' permission is not set. @ https://challenges.cloudflare.com/cdn-cgi/challenge-platform/h/g/turnstile/f/ov2/av0/rch/s87ka/0x4AAAAAAADnPIDROrmt1Wwj/light/fbE/new/normal?lang=auto:0
[   21966ms] [ERROR] Failed to load resource: the server responded with a status of 403 () @ https://wtr-lab.com/assets/favicon/site.webmanifest:0
[   21978ms] [ERROR] Manifest fetch from https://wtr-lab.com/assets/favicon/site.webmanifest failed, code 403 @ https://wtr-lab.com/en/novel-list:0
[   22140ms] [WARNING] Specifying 'overflow: visible' on img, video and canvas tags may cause them to produce visual content outside of the element bounds. See https://github.com/WICG/view-transitions/blob/main/debugging_overflow_on_images.md for details. @ https://wtr-lab.com/en/novel-list:122
[   22494ms] [ERROR] Failed to load resource: the server responded with a status of 403 () @ https://wtr-lab.com/assets/favicon/site.webmanifest:0
[   22498ms] [ERROR] Manifest fetch from https://wtr-lab.com/assets/favicon/site.webmanifest failed, code 403 @ https://wtr-lab.com/en/novel-list:0
[   22918ms] [WARNING] An iframe which has both allow-scripts and allow-same-origin for its sandbox attribute can escape its sandboxing. @ https://wtr-lab.com/ads/pubadx.html?v=v1.12.1&wu=https%3A%2F%2Fwtr-lab.com%2Fen%2Fnovel-list:0
[   22938ms] [ERROR] Failed to load resource: net::ERR_BLOCKED_BY_CLIENT @ https://platform.pubadx.one/pubadx-ad.js:0
[   28882ms] [ERROR] Failed to load resource: the server responded with a status of 403 () @ https://wtr-lab.com/assets/favicon/site.webmanifest:0
[   28883ms] [ERROR] Manifest fetch from https://wtr-lab.com/assets/favicon/site.webmanifest failed, code 403 @ https://wtr-lab.com/en/auth/login?callbackUrl=https%3A%2F%2Fwtr-lab.com%2Fen%2Fnovel-list:0
[   33916ms] [WARNING] Specifying 'overflow: visible' on img, video and canvas tags may cause them to produce visual content outside of the element bounds. See https://github.com/WICG/view-transitions/blob/main/debugging_overflow_on_images.md for details. @ https://wtr-lab.com/en/novel-list:0
[   34020ms] [ERROR] Failed to load resource: the server responded with a status of 403 () @ https://wtr-lab.com/assets/favicon/site.webmanifest:0
[   34020ms] [ERROR] Manifest fetch from https://wtr-lab.com/assets/favicon/site.webmanifest failed, code 403 @ https://wtr-lab.com/en/novel-list:0
[   34055ms] [ERROR] Failed to load resource: the server responded with a status of 403 () @ https://wtr-lab.com/assets/favicon/site.webmanifest:0
[   34055ms] [ERROR] Manifest fetch from https://wtr-lab.com/assets/favicon/site.webmanifest failed, code 403 @ https://wtr-lab.com/en/novel-list:0
[   34295ms] [WARNING] An iframe which has both allow-scripts and allow-same-origin for its sandbox attribute can escape its sandboxing. @ https://wtr-lab.com/ads/pubfuture.html?v=v1.12.1:0
[   34334ms] [ERROR] Failed to load resource: net::ERR_BLOCKED_BY_CLIENT @ https://cdn.pubfuture-ad.com/v2/unit/pt.js:0
[   35979ms] [WARNING] An iframe which has both allow-scripts and allow-same-origin for its sandbox attribute can escape its sandboxing. @ https://wtr-lab.com/ads/pubfuture.html?v=v1.12.1:0
[   36024ms] [ERROR] Failed to load resource: net::ERR_BLOCKED_BY_CLIENT @ https://cdn.pubfuture-ad.com/v2/unit/pt.js:0
